<?xml version="1.0" encoding="UTF-8"?>
<!-- Generated by org.testng.reporters.JUnitReportReporter -->
<testsuite hostname="RT-LT-385" failures="0" tests="2" name="com.respondio.tests.LoginTest" time="30.181" errors="0" timestamp="2024-08-06T09:05:36 PKT" skipped="0">
  <testcase classname="com.respondio.tests.LoginTest" name="testInvalidLogin" time="15.940"/>
  <system-out/>
  <testcase classname="com.respondio.tests.LoginTest" name="testValidLogin" time="14.241"/>
  <system-out/>
</testsuite> <!-- com.respondio.tests.LoginTest -->
