<?xml version="1.0" encoding="UTF-8"?>
<!-- Generated by org.testng.reporters.JUnitReportReporter -->
<testsuite hostname="RT-LT-385" failures="0" tests="1" name="com.respondio.tests.AddUserTest" time="25.358" errors="0" timestamp="2024-08-06T09:05:36 PKT" skipped="0">
  <testcase classname="com.respondio.tests.AddUserTest" name="testAddUser" time="25.358"/>
  <system-out/>
</testsuite> <!-- com.respondio.tests.AddUserTest -->
